make: Nothing to be done for 'all'.
----------------------------------------------------------------------------------
RUNNING stingray 0.5
----------------------------------------------------------------------------------
MAKE PARAMETERS
File: parameters.txt
Time taken: 0.14s
----------------------------------------------------------------------------------
MAKE 3D TILING
Number of boxes = 78
Number of points checked = 5197178
Time taken: 0.82s
----------------------------------------------------------------------------------
POSITION OBJECTS INTO SKY
Process snapshot 180, subvolume 0 (116442 galaxies)
Process snapshot 180, subvolume 13 (156902 galaxies)
Process snapshot 180, subvolume 23 (126319 galaxies)
Process snapshot 180, subvolume 1 (126112 galaxies)
Process snapshot 180, subvolume 2 (156071 galaxies)
Process snapshot 180, subvolume 10 (146886 galaxies)
Process snapshot 180, subvolume 8 (138204 galaxies)
Process snapshot 180, subvolume 14 (121916 galaxies)
Process snapshot 180, subvolume 9 (119951 galaxies)
Process snapshot 180, subvolume 7 (140446 galaxies)
Process snapshot 180, subvolume 6 (130612 galaxies)
Process snapshot 180, subvolume 15 (130897 galaxies)
Process snapshot 180, subvolume 11 (142911 galaxies)
Process snapshot 180, subvolume 16 (132483 galaxies)
Process snapshot 180, subvolume 17 (147304 galaxies)
Process snapshot 180, subvolume 18 (126741 galaxies)
Process snapshot 180, subvolume 22 (145332 galaxies)
Process snapshot 180, subvolume 19 (150397 galaxies)
Process snapshot 180, subvolume 12 (121471 galaxies)
Process snapshot 180, subvolume 3 (137892 galaxies)
Process snapshot 180, subvolume 5 (123887 galaxies)
Process snapshot 180, subvolume 20 (116413 galaxies)
Process snapshot 180, subvolume 21 (120574 galaxies)
Process snapshot 180, subvolume 4 (135719 galaxies)
Process snapshot 180, subvolume 24 (162798 galaxies)
Process snapshot 180, subvolume 25 (121423 galaxies)
Process snapshot 180, subvolume 26 (161930 galaxies)
Process snapshot 180, subvolume 27 (128734 galaxies)
Process snapshot 180, subvolume 28 (140462 galaxies)
Process snapshot 180, subvolume 31 (121814 galaxies)
Process snapshot 180, subvolume 29 (130963 galaxies)
Process snapshot 180, subvolume 30 (127058 galaxies)
Process snapshot 180, subvolume 32 (133746 galaxies)
Process snapshot 180, subvolume 33 (120032 galaxies)
Process snapshot 180, subvolume 34 (146320 galaxies)
Process snapshot 180, subvolume 37 (129548 galaxies)
Process snapshot 180, subvolume 35 (140999 galaxies)
Process snapshot 180, subvolume 36 (151569 galaxies)
Process snapshot 180, subvolume 40 (131556 galaxies)
Process snapshot 180, subvolume 38 (128522 galaxies)
Process snapshot 180, subvolume 39 (136898 galaxies)
Process snapshot 180, subvolume 41 (128745 galaxies)
Process snapshot 180, subvolume 42 (135380 galaxies)
Process snapshot 180, subvolume 43 (145284 galaxies)
Process snapshot 180, subvolume 44 (138311 galaxies)
Process snapshot 180, subvolume 46 (132042 galaxies)
Process snapshot 180, subvolume 45 (147070 galaxies)
Process snapshot 180, subvolume 47 (137986 galaxies)
Process snapshot 180, subvolume 48 (136953 galaxies)
Process snapshot 180, subvolume 49 (132020 galaxies)
Process snapshot 180, subvolume 50 (147186 galaxies)
Process snapshot 180, subvolume 53 (135413 galaxies)
Process snapshot 180, subvolume 55 (121003 galaxies)
Process snapshot 180, subvolume 51 (138314 galaxies)
Process snapshot 180, subvolume 56 (126981 galaxies)
Process snapshot 180, subvolume 52 (131463 galaxies)
Process snapshot 180, subvolume 54 (125545 galaxies)
Process snapshot 180, subvolume 57 (118991 galaxies)
Process snapshot 180, subvolume 58 (123475 galaxies)
Process snapshot 180, subvolume 60 (143980 galaxies)
Process snapshot 180, subvolume 59 (150915 galaxies)
Process snapshot 180, subvolume 62 (114893 galaxies)
Process snapshot 180, subvolume 61 (135361 galaxies)
Process snapshot 180, subvolume 63 (145249 galaxies)
Process snapshot 181, subvolume 1 (127161 galaxies)
Process snapshot 181, subvolume 3 (139219 galaxies)
Process snapshot 181, subvolume 0 (117487 galaxies)
Process snapshot 181, subvolume 4 (137139 galaxies)
Process snapshot 181, subvolume 2 (157583 galaxies)
Process snapshot 181, subvolume 5 (124955 galaxies)
Process snapshot 181, subvolume 6 (132029 galaxies)
Process snapshot 181, subvolume 7 (142111 galaxies)
Process snapshot 181, subvolume 8 (139693 galaxies)
Process snapshot 181, subvolume 9 (121219 galaxies)
Process snapshot 181, subvolume 10 (148213 galaxies)
Process snapshot 181, subvolume 11 (144692 galaxies)
Process snapshot 181, subvolume 12 (122559 galaxies)
Process snapshot 181, subvolume 13 (158907 galaxies)
Process snapshot 181, subvolume 14 (123089 galaxies)
Process snapshot 181, subvolume 17 (148968 galaxies)
Process snapshot 181, subvolume 15 (132310 galaxies)
Process snapshot 181, subvolume 16 (133922 galaxies)
Process snapshot 181, subvolume 18 (127877 galaxies)
Process snapshot 181, subvolume 20 (117628 galaxies)
Process snapshot 181, subvolume 19 (151910 galaxies)
Process snapshot 181, subvolume 22 (146597 galaxies)
Process snapshot 181, subvolume 23 (127565 galaxies)
Process snapshot 181, subvolume 21 (121626 galaxies)
Process snapshot 181, subvolume 24 (164680 galaxies)
Process snapshot 181, subvolume 25 (122575 galaxies)
Process snapshot 181, subvolume 26 (163714 galaxies)
Process snapshot 181, subvolume 27 (130065 galaxies)
Process snapshot 181, subvolume 28 (142037 galaxies)
Process snapshot 181, subvolume 29 (132201 galaxies)
Process snapshot 181, subvolume 30 (128458 galaxies)
Process snapshot 181, subvolume 31 (122935 galaxies)
Process snapshot 181, subvolume 32 (134883 galaxies)
Process snapshot 181, subvolume 33 (121209 galaxies)
Process snapshot 181, subvolume 34 (147846 galaxies)
Process snapshot 181, subvolume 35 (141708 galaxies)
Process snapshot 181, subvolume 36 (153170 galaxies)
Process snapshot 181, subvolume 37 (130945 galaxies)
Process snapshot 181, subvolume 38 (129622 galaxies)
Process snapshot 181, subvolume 39 (138445 galaxies)
Process snapshot 181, subvolume 40 (132846 galaxies)
Process snapshot 181, subvolume 41 (129767 galaxies)
Process snapshot 181, subvolume 42 (136860 galaxies)
Process snapshot 181, subvolume 45 (148542 galaxies)
Process snapshot 181, subvolume 43 (146867 galaxies)
Process snapshot 181, subvolume 46 (133316 galaxies)
Process snapshot 181, subvolume 44 (139794 galaxies)
Process snapshot 181, subvolume 47 (139494 galaxies)
Process snapshot 181, subvolume 48 (138195 galaxies)
Process snapshot 181, subvolume 49 (133163 galaxies)
Process snapshot 181, subvolume 51 (139509 galaxies)
Process snapshot 181, subvolume 52 (132874 galaxies)
Process snapshot 181, subvolume 50 (148272 galaxies)
Process snapshot 181, subvolume 53 (136774 galaxies)
Process snapshot 181, subvolume 54 (126707 galaxies)
Process snapshot 181, subvolume 55 (122089 galaxies)
Process snapshot 181, subvolume 56 (128226 galaxies)
Process snapshot 181, subvolume 57 (120042 galaxies)
Process snapshot 181, subvolume 58 (124605 galaxies)
Process snapshot 181, subvolume 59 (152632 galaxies)
Process snapshot 181, subvolume 60 (145241 galaxies)
Process snapshot 181, subvolume 61 (137012 galaxies)
Process snapshot 181, subvolume 62 (115946 galaxies)
Process snapshot 181, subvolume 63 (146816 galaxies)
Process snapshot 182, subvolume 0 (118614 galaxies)
Process snapshot 182, subvolume 1 (128363 galaxies)
Process snapshot 182, subvolume 2 (159161 galaxies)
Process snapshot 182, subvolume 3 (140621 galaxies)
Process snapshot 182, subvolume 5 (126312 galaxies)
Process snapshot 182, subvolume 4 (138626 galaxies)
Process snapshot 182, subvolume 6 (133388 galaxies)
Process snapshot 182, subvolume 8 (141071 galaxies)
Process snapshot 182, subvolume 7 (143564 galaxies)
Process snapshot 182, subvolume 9 (122102 galaxies)
Process snapshot 182, subvolume 10 (149951 galaxies)
Process snapshot 182, subvolume 13 (160887 galaxies)
Process snapshot 182, subvolume 12 (123612 galaxies)
Process snapshot 182, subvolume 11 (146316 galaxies)
Process snapshot 182, subvolume 14 (124133 galaxies)
Process snapshot 182, subvolume 15 (133551 galaxies)
Process snapshot 182, subvolume 16 (135282 galaxies)
Process snapshot 182, subvolume 17 (150501 galaxies)
Process snapshot 182, subvolume 18 (129102 galaxies)
Process snapshot 182, subvolume 19 (153458 galaxies)
Process snapshot 182, subvolume 20 (118721 galaxies)
Process snapshot 182, subvolume 21 (122721 galaxies)
Process snapshot 182, subvolume 24 (166730 galaxies)
Process snapshot 182, subvolume 22 (148130 galaxies)
Process snapshot 182, subvolume 23 (128848 galaxies)
Process snapshot 182, subvolume 25 (123792 galaxies)
Process snapshot 182, subvolume 26 (165548 galaxies)
Process snapshot 182, subvolume 28 (143563 galaxies)
Process snapshot 182, subvolume 27 (131372 galaxies)
Process snapshot 182, subvolume 29 (133552 galaxies)
Process snapshot 182, subvolume 30 (129592 galaxies)
Process snapshot 182, subvolume 31 (124183 galaxies)
Process snapshot 182, subvolume 32 (136206 galaxies)
Process snapshot 182, subvolume 34 (149510 galaxies)
Process snapshot 182, subvolume 35 (143206 galaxies)
Process snapshot 182, subvolume 36 (154775 galaxies)
Process snapshot 182, subvolume 37 (132275 galaxies)
Process snapshot 182, subvolume 33 (122417 galaxies)
Process snapshot 182, subvolume 38 (130743 galaxies)
Process snapshot 182, subvolume 39 (139954 galaxies)
Process snapshot 182, subvolume 40 (134186 galaxies)
Process snapshot 182, subvolume 41 (131007 galaxies)
Process snapshot 182, subvolume 42 (138415 galaxies)
Process snapshot 182, subvolume 44 (141355 galaxies)
Process snapshot 182, subvolume 45 (150254 galaxies)
Process snapshot 182, subvolume 43 (148593 galaxies)
Process snapshot 182, subvolume 46 (134706 galaxies)
Process snapshot 182, subvolume 47 (141156 galaxies)
Process snapshot 182, subvolume 48 (139933 galaxies)
Process snapshot 182, subvolume 49 (134412 galaxies)
Process snapshot 182, subvolume 53 (138270 galaxies)
Process snapshot 182, subvolume 52 (134239 galaxies)
Process snapshot 182, subvolume 50 (150007 galaxies)
Process snapshot 182, subvolume 51 (140839 galaxies)
Process snapshot 182, subvolume 55 (123238 galaxies)
Process snapshot 182, subvolume 56 (129170 galaxies)
Process snapshot 182, subvolume 54 (127763 galaxies)
Process snapshot 182, subvolume 57 (121192 galaxies)
Process snapshot 182, subvolume 58 (125932 galaxies)
Process snapshot 182, subvolume 59 (154267 galaxies)
Process snapshot 182, subvolume 60 (146917 galaxies)
Process snapshot 182, subvolume 61 (138582 galaxies)
Process snapshot 182, subvolume 62 (116825 galaxies)
Process snapshot 182, subvolume 63 (148230 galaxies)
Process snapshot 183, subvolume 0 (119577 galaxies)
Process snapshot 183, subvolume 1 (129525 galaxies)
Process snapshot 183, subvolume 2 (160689 galaxies)
Process snapshot 183, subvolume 3 (142127 galaxies)
Process snapshot 183, subvolume 4 (139883 galaxies)
Process snapshot 183, subvolume 5 (127570 galaxies)
Process snapshot 183, subvolume 6 (134604 galaxies)
Process snapshot 183, subvolume 7 (145009 galaxies)
Process snapshot 183, subvolume 8 (142466 galaxies)
Process snapshot 183, subvolume 13 (162809 galaxies)
Process snapshot 183, subvolume 9 (123123 galaxies)
Process snapshot 183, subvolume 10 (151554 galaxies)
Process snapshot 183, subvolume 11 (147984 galaxies)
Process snapshot 183, subvolume 12 (124746 galaxies)
Process snapshot 183, subvolume 15 (134913 galaxies)
Process snapshot 183, subvolume 14 (125249 galaxies)
Process snapshot 183, subvolume 16 (136691 galaxies)
Process snapshot 183, subvolume 17 (152025 galaxies)
Process snapshot 183, subvolume 19 (155083 galaxies)
Process snapshot 183, subvolume 20 (119581 galaxies)
Process snapshot 183, subvolume 18 (130288 galaxies)
Process snapshot 183, subvolume 21 (123866 galaxies)
Process snapshot 183, subvolume 22 (149652 galaxies)
Process snapshot 183, subvolume 23 (130123 galaxies)
Process snapshot 183, subvolume 24 (168613 galaxies)
Process snapshot 183, subvolume 25 (124893 galaxies)
Process snapshot 183, subvolume 26 (167315 galaxies)
Process snapshot 183, subvolume 27 (132734 galaxies)
Process snapshot 183, subvolume 28 (144999 galaxies)
Process snapshot 183, subvolume 29 (134676 galaxies)
Process snapshot 183, subvolume 30 (130941 galaxies)
Process snapshot 183, subvolume 34 (151189 galaxies)
Process snapshot 183, subvolume 32 (137584 galaxies)
Process snapshot 183, subvolume 31 (125272 galaxies)
Process snapshot 183, subvolume 33 (123593 galaxies)
Process snapshot 183, subvolume 36 (156276 galaxies)
Process snapshot 183, subvolume 37 (133494 galaxies)
Process snapshot 183, subvolume 35 (144565 galaxies)
Process snapshot 183, subvolume 39 (141392 galaxies)
Process snapshot 183, subvolume 38 (132058 galaxies)
Process snapshot 183, subvolume 40 (135485 galaxies)
Process snapshot 183, subvolume 41 (132098 galaxies)
Process snapshot 183, subvolume 42 (139559 galaxies)
Process snapshot 183, subvolume 44 (142762 galaxies)
Process snapshot 183, subvolume 45 (151755 galaxies)
Process snapshot 183, subvolume 43 (150159 galaxies)
Process snapshot 183, subvolume 46 (136082 galaxies)
Process snapshot 183, subvolume 47 (142401 galaxies)
Process snapshot 183, subvolume 49 (135513 galaxies)
Process snapshot 183, subvolume 48 (141338 galaxies)
Process snapshot 183, subvolume 50 (151764 galaxies)
Process snapshot 183, subvolume 51 (142212 galaxies)
Process snapshot 183, subvolume 52 (135454 galaxies)
Process snapshot 183, subvolume 53 (139573 galaxies)
Process snapshot 183, subvolume 54 (128945 galaxies)
Process snapshot 183, subvolume 55 (124269 galaxies)
Process snapshot 183, subvolume 56 (130237 galaxies)
Process snapshot 183, subvolume 57 (121852 galaxies)
Process snapshot 183, subvolume 58 (126904 galaxies)
Process snapshot 183, subvolume 59 (156104 galaxies)
Process snapshot 183, subvolume 61 (140054 galaxies)
Process snapshot 183, subvolume 62 (117694 galaxies)
Process snapshot 183, subvolume 63 (149932 galaxies)
Process snapshot 183, subvolume 60 (148419 galaxies)
Process snapshot 184, subvolume 1 (130725 galaxies)
Process snapshot 184, subvolume 2 (162405 galaxies)
Process snapshot 184, subvolume 3 (143632 galaxies)
Process snapshot 184, subvolume 0 (120522 galaxies)
Process snapshot 184, subvolume 4 (141254 galaxies)
Process snapshot 184, subvolume 5 (128684 galaxies)
Process snapshot 184, subvolume 6 (135832 galaxies)
Process snapshot 184, subvolume 7 (146525 galaxies)
Process snapshot 184, subvolume 9 (124346 galaxies)
Process snapshot 184, subvolume 8 (144055 galaxies)
Process snapshot 184, subvolume 10 (153225 galaxies)
Process snapshot 184, subvolume 11 (149488 galaxies)
Process snapshot 184, subvolume 12 (125771 galaxies)
Process snapshot 184, subvolume 13 (164770 galaxies)
Process snapshot 184, subvolume 14 (126387 galaxies)
Process snapshot 184, subvolume 17 (153577 galaxies)
Process snapshot 184, subvolume 15 (136314 galaxies)
Process snapshot 184, subvolume 16 (138179 galaxies)
Process snapshot 184, subvolume 18 (131717 galaxies)
Process snapshot 184, subvolume 20 (120540 galaxies)
Process snapshot 184, subvolume 19 (156656 galaxies)
Process snapshot 184, subvolume 22 (151265 galaxies)
Process snapshot 184, subvolume 21 (124849 galaxies)
Process snapshot 184, subvolume 24 (170522 galaxies)
Process snapshot 184, subvolume 23 (131487 galaxies)
Process snapshot 184, subvolume 25 (125956 galaxies)
Process snapshot 184, subvolume 26 (169139 galaxies)
Process snapshot 184, subvolume 29 (135875 galaxies)
Process snapshot 184, subvolume 27 (133962 galaxies)
Process snapshot 184, subvolume 28 (146623 galaxies)
Process snapshot 184, subvolume 30 (132319 galaxies)
Process snapshot 184, subvolume 31 (126406 galaxies)
Process snapshot 184, subvolume 32 (138872 galaxies)
Process snapshot 184, subvolume 33 (124557 galaxies)
Process snapshot 184, subvolume 34 (152688 galaxies)
Process snapshot 184, subvolume 36 (157896 galaxies)
Process snapshot 184, subvolume 37 (134695 galaxies)
Process snapshot 184, subvolume 35 (145870 galaxies)
Process snapshot 184, subvolume 38 (133450 galaxies)
Process snapshot 184, subvolume 39 (142832 galaxies)
Process snapshot 184, subvolume 41 (133347 galaxies)
Process snapshot 184, subvolume 40 (136847 galaxies)
Process snapshot 184, subvolume 43 (151832 galaxies)
Process snapshot 184, subvolume 42 (141142 galaxies)
Process snapshot 184, subvolume 44 (144245 galaxies)
Process snapshot 184, subvolume 47 (143088 galaxies)
Process snapshot 184, subvolume 46 (137354 galaxies)
Process snapshot 184, subvolume 45 (153361 galaxies)
Process snapshot 184, subvolume 48 (142657 galaxies)
Process snapshot 184, subvolume 50 (153601 galaxies)
Process snapshot 184, subvolume 49 (136607 galaxies)
Process snapshot 184, subvolume 51 (143481 galaxies)
Process snapshot 184, subvolume 52 (136954 galaxies)
Process snapshot 184, subvolume 53 (141002 galaxies)
Process snapshot 184, subvolume 54 (129810 galaxies)
Process snapshot 184, subvolume 55 (125483 galaxies)
Process snapshot 184, subvolume 56 (131437 galaxies)
Process snapshot 184, subvolume 57 (122924 galaxies)
Process snapshot 184, subvolume 60 (149967 galaxies)
Process snapshot 184, subvolume 59 (157996 galaxies)
Process snapshot 184, subvolume 58 (128149 galaxies)
Process snapshot 184, subvolume 61 (141522 galaxies)
Process snapshot 184, subvolume 62 (118650 galaxies)
Process snapshot 184, subvolume 63 (151349 galaxies)
Process snapshot 185, subvolume 0 (121703 galaxies)
Process snapshot 185, subvolume 3 (145242 galaxies)
Process snapshot 185, subvolume 1 (131842 galaxies)
Process snapshot 185, subvolume 2 (164104 galaxies)
Process snapshot 185, subvolume 4 (142535 galaxies)
Process snapshot 185, subvolume 5 (130068 galaxies)
Process snapshot 185, subvolume 6 (137281 galaxies)
Process snapshot 185, subvolume 8 (145762 galaxies)
Process snapshot 185, subvolume 9 (125445 galaxies)
Process snapshot 185, subvolume 7 (147996 galaxies)
Process snapshot 185, subvolume 10 (154972 galaxies)
Process snapshot 185, subvolume 11 (150940 galaxies)
Process snapshot 185, subvolume 12 (126763 galaxies)
Process snapshot 185, subvolume 13 (166674 galaxies)
Process snapshot 185, subvolume 15 (137664 galaxies)
Process snapshot 185, subvolume 14 (127525 galaxies)
Process snapshot 185, subvolume 16 (139585 galaxies)
Process snapshot 185, subvolume 17 (155267 galaxies)
Process snapshot 185, subvolume 18 (132913 galaxies)
Process snapshot 185, subvolume 19 (158007 galaxies)
Process snapshot 185, subvolume 21 (125916 galaxies)
Process snapshot 185, subvolume 20 (121668 galaxies)
Process snapshot 185, subvolume 22 (152787 galaxies)
Process snapshot 185, subvolume 23 (132815 galaxies)
Process snapshot 185, subvolume 26 (171056 galaxies)
Process snapshot 185, subvolume 24 (172614 galaxies)
Process snapshot 185, subvolume 25 (127093 galaxies)
Process snapshot 185, subvolume 27 (135239 galaxies)
Process snapshot 185, subvolume 30 (133597 galaxies)
Process snapshot 185, subvolume 28 (148300 galaxies)
Process snapshot 185, subvolume 29 (137099 galaxies)
Process snapshot 185, subvolume 31 (127808 galaxies)
Process snapshot 185, subvolume 32 (140138 galaxies)
Process snapshot 185, subvolume 34 (154367 galaxies)
Process snapshot 185, subvolume 33 (125637 galaxies)
Process snapshot 185, subvolume 35 (147207 galaxies)
Process snapshot 185, subvolume 36 (159068 galaxies)
Process snapshot 185, subvolume 37 (136184 galaxies)
Process snapshot 185, subvolume 38 (134996 galaxies)
Process snapshot 185, subvolume 39 (144390 galaxies)
Process snapshot 185, subvolume 40 (138019 galaxies)
Process snapshot 185, subvolume 41 (134698 galaxies)
Process snapshot 185, subvolume 42 (142591 galaxies)
Process snapshot 185, subvolume 43 (153276 galaxies)
Process snapshot 185, subvolume 44 (145794 galaxies)
Process snapshot 185, subvolume 45 (155142 galaxies)
Process snapshot 185, subvolume 46 (138514 galaxies)
Process snapshot 185, subvolume 47 (144647 galaxies)
Process snapshot 185, subvolume 48 (144055 galaxies)
Process snapshot 185, subvolume 49 (138159 galaxies)
Process snapshot 185, subvolume 51 (144593 galaxies)
Process snapshot 185, subvolume 52 (138344 galaxies)
Process snapshot 185, subvolume 50 (155329 galaxies)
Process snapshot 185, subvolume 53 (142391 galaxies)
Process snapshot 185, subvolume 54 (131155 galaxies)
Process snapshot 185, subvolume 55 (126367 galaxies)
Process snapshot 185, subvolume 56 (132801 galaxies)
Process snapshot 185, subvolume 57 (123965 galaxies)
Process snapshot 185, subvolume 58 (129557 galaxies)
Process snapshot 185, subvolume 59 (159835 galaxies)
Process snapshot 185, subvolume 60 (151641 galaxies)
Process snapshot 185, subvolume 61 (142936 galaxies)
Process snapshot 185, subvolume 62 (119782 galaxies)
Process snapshot 185, subvolume 63 (152746 galaxies)
Process snapshot 186, subvolume 0 (122819 galaxies)
Process snapshot 186, subvolume 1 (133086 galaxies)
Process snapshot 186, subvolume 2 (166107 galaxies)
Process snapshot 186, subvolume 3 (146739 galaxies)
Process snapshot 186, subvolume 5 (131105 galaxies)
Process snapshot 186, subvolume 4 (144042 galaxies)
Process snapshot 186, subvolume 6 (138778 galaxies)
Process snapshot 186, subvolume 7 (149565 galaxies)
Process snapshot 186, subvolume 8 (147443 galaxies)
Process snapshot 186, subvolume 9 (126614 galaxies)
Process snapshot 186, subvolume 10 (155967 galaxies)
Process snapshot 186, subvolume 11 (152601 galaxies)
Process snapshot 186, subvolume 12 (127846 galaxies)
Process snapshot 186, subvolume 13 (168443 galaxies)
Process snapshot 186, subvolume 14 (128707 galaxies)
Process snapshot 186, subvolume 16 (140776 galaxies)
Process snapshot 186, subvolume 15 (139063 galaxies)
Process snapshot 186, subvolume 17 (156732 galaxies)
Process snapshot 186, subvolume 19 (159884 galaxies)
Process snapshot 186, subvolume 18 (134257 galaxies)
Process snapshot 186, subvolume 20 (122807 galaxies)
Process snapshot 186, subvolume 21 (126825 galaxies)
Process snapshot 186, subvolume 22 (154414 galaxies)
Process snapshot 186, subvolume 23 (134005 galaxies)
Process snapshot 186, subvolume 24 (174505 galaxies)
Process snapshot 186, subvolume 25 (128114 galaxies)
Process snapshot 186, subvolume 27 (136334 galaxies)
Process snapshot 186, subvolume 26 (173202 galaxies)
Process snapshot 186, subvolume 28 (150001 galaxies)
Process snapshot 186, subvolume 31 (129041 galaxies)
Process snapshot 186, subvolume 29 (138573 galaxies)
Process snapshot 186, subvolume 32 (141349 galaxies)
Process snapshot 186, subvolume 30 (134997 galaxies)
Process snapshot 186, subvolume 33 (126751 galaxies)
Process snapshot 186, subvolume 34 (155915 galaxies)
Process snapshot 186, subvolume 35 (148550 galaxies)
Process snapshot 186, subvolume 36 (160726 galaxies)
Process snapshot 186, subvolume 38 (136270 galaxies)
Process snapshot 186, subvolume 39 (146007 galaxies)
Process snapshot 186, subvolume 37 (137199 galaxies)
Process snapshot 186, subvolume 40 (139299 galaxies)
Process snapshot 186, subvolume 41 (135989 galaxies)
Process snapshot 186, subvolume 42 (144136 galaxies)
Process snapshot 186, subvolume 43 (154874 galaxies)
Process snapshot 186, subvolume 44 (147367 galaxies)
Process snapshot 186, subvolume 46 (139497 galaxies)
Process snapshot 186, subvolume 45 (156898 galaxies)
Process snapshot 186, subvolume 47 (146114 galaxies)
Process snapshot 186, subvolume 48 (145502 galaxies)
Process snapshot 186, subvolume 49 (139614 galaxies)
Process snapshot 186, subvolume 50 (156967 galaxies)
Process snapshot 186, subvolume 51 (145880 galaxies)
Process snapshot 186, subvolume 52 (139677 galaxies)
Process snapshot 186, subvolume 53 (143621 galaxies)
Process snapshot 186, subvolume 54 (132428 galaxies)
Process snapshot 186, subvolume 55 (127256 galaxies)
Process snapshot 186, subvolume 56 (133969 galaxies)
Process snapshot 186, subvolume 57 (125009 galaxies)
Process snapshot 186, subvolume 58 (130839 galaxies)
Process snapshot 186, subvolume 59 (161398 galaxies)
Process snapshot 186, subvolume 60 (152957 galaxies)
Process snapshot 186, subvolume 61 (144357 galaxies)
Process snapshot 186, subvolume 62 (120823 galaxies)
Process snapshot 186, subvolume 63 (154310 galaxies)
Process snapshot 187, subvolume 0 (123997 galaxies)
Process snapshot 187, subvolume 1 (134382 galaxies)
Process snapshot 187, subvolume 2 (167916 galaxies)
Process snapshot 187, subvolume 3 (147948 galaxies)
Process snapshot 187, subvolume 4 (145659 galaxies)
Process snapshot 187, subvolume 5 (132337 galaxies)
Process snapshot 187, subvolume 8 (149034 galaxies)
Process snapshot 187, subvolume 6 (140169 galaxies)
Process snapshot 187, subvolume 7 (151145 galaxies)
Process snapshot 187, subvolume 9 (127620 galaxies)
Process snapshot 187, subvolume 10 (157293 galaxies)
Process snapshot 187, subvolume 11 (154265 galaxies)
Process snapshot 187, subvolume 12 (129034 galaxies)
Process snapshot 187, subvolume 13 (170282 galaxies)
Process snapshot 187, subvolume 14 (129818 galaxies)
Process snapshot 187, subvolume 15 (140694 galaxies)
Process snapshot 187, subvolume 16 (141328 galaxies)
Process snapshot 187, subvolume 17 (158475 galaxies)
Process snapshot 187, subvolume 18 (135492 galaxies)
Process snapshot 187, subvolume 20 (123771 galaxies)
Process snapshot 187, subvolume 19 (161433 galaxies)
Process snapshot 187, subvolume 21 (127885 galaxies)
Process snapshot 187, subvolume 22 (155946 galaxies)
Process snapshot 187, subvolume 23 (135308 galaxies)
Process snapshot 187, subvolume 24 (176385 galaxies)
Process snapshot 187, subvolume 25 (129374 galaxies)
Process snapshot 187, subvolume 27 (137730 galaxies)
Process snapshot 187, subvolume 26 (175052 galaxies)
Process snapshot 187, subvolume 30 (136366 galaxies)
Process snapshot 187, subvolume 28 (151596 galaxies)
Process snapshot 187, subvolume 29 (139895 galaxies)
Process snapshot 187, subvolume 31 (130157 galaxies)
Process snapshot 187, subvolume 32 (142341 galaxies)
Process snapshot 187, subvolume 33 (127791 galaxies)
Process snapshot 187, subvolume 34 (157510 galaxies)
Process snapshot 187, subvolume 35 (150301 galaxies)
Process snapshot 187, subvolume 36 (162657 galaxies)
Process snapshot 187, subvolume 38 (137529 galaxies)
Process snapshot 187, subvolume 37 (138536 galaxies)
Process snapshot 187, subvolume 39 (147299 galaxies)
Process snapshot 187, subvolume 40 (140581 galaxies)
Process snapshot 187, subvolume 41 (137256 galaxies)
Process snapshot 187, subvolume 42 (145320 galaxies)
Process snapshot 187, subvolume 43 (156482 galaxies)
Process snapshot 187, subvolume 44 (148772 galaxies)
Process snapshot 187, subvolume 45 (158595 galaxies)
Process snapshot 187, subvolume 47 (147645 galaxies)
Process snapshot 187, subvolume 46 (140311 galaxies)
Process snapshot 187, subvolume 48 (147216 galaxies)
Process snapshot 187, subvolume 49 (141078 galaxies)
Process snapshot 187, subvolume 50 (158482 galaxies)
Process snapshot 187, subvolume 51 (147200 galaxies)
Process snapshot 187, subvolume 52 (140824 galaxies)
Process snapshot 187, subvolume 53 (145110 galaxies)
Process snapshot 187, subvolume 54 (133806 galaxies)
Process snapshot 187, subvolume 55 (128599 galaxies)
Process snapshot 187, subvolume 56 (135050 galaxies)
Process snapshot 187, subvolume 57 (126142 galaxies)
Process snapshot 187, subvolume 58 (132040 galaxies)
Process snapshot 187, subvolume 60 (154205 galaxies)
Process snapshot 187, subvolume 59 (162782 galaxies)
Process snapshot 187, subvolume 61 (145808 galaxies)
Process snapshot 188, subvolume 0 (125243 galaxies)
Process snapshot 187, subvolume 62 (121909 galaxies)
Process snapshot 187, subvolume 63 (155919 galaxies)
Process snapshot 188, subvolume 1 (135770 galaxies)
Process snapshot 188, subvolume 3 (149423 galaxies)
Process snapshot 188, subvolume 2 (169730 galaxies)
Process snapshot 188, subvolume 4 (147133 galaxies)
Process snapshot 188, subvolume 5 (133644 galaxies)
Process snapshot 188, subvolume 6 (141316 galaxies)
Process snapshot 188, subvolume 7 (152660 galaxies)
Process snapshot 188, subvolume 8 (150786 galaxies)
Process snapshot 188, subvolume 9 (128835 galaxies)
Process snapshot 188, subvolume 10 (158739 galaxies)
Process snapshot 188, subvolume 11 (155763 galaxies)
Process snapshot 188, subvolume 12 (130110 galaxies)
Process snapshot 188, subvolume 13 (172276 galaxies)
Process snapshot 188, subvolume 16 (142835 galaxies)
Process snapshot 188, subvolume 15 (141937 galaxies)
Process snapshot 188, subvolume 14 (130907 galaxies)
Process snapshot 188, subvolume 17 (160073 galaxies)
Process snapshot 188, subvolume 18 (136708 galaxies)
Process snapshot 188, subvolume 19 (163103 galaxies)
Process snapshot 188, subvolume 20 (124774 galaxies)
Process snapshot 188, subvolume 22 (157417 galaxies)
Process snapshot 188, subvolume 21 (128869 galaxies)
Process snapshot 188, subvolume 23 (135838 galaxies)
Process snapshot 188, subvolume 24 (178289 galaxies)
Process snapshot 188, subvolume 25 (130694 galaxies)
Process snapshot 188, subvolume 27 (138906 galaxies)
Process snapshot 188, subvolume 26 (176220 galaxies)
Process snapshot 188, subvolume 28 (153230 galaxies)
Process snapshot 188, subvolume 29 (141274 galaxies)
Process snapshot 188, subvolume 30 (137736 galaxies)
Process snapshot 188, subvolume 31 (131331 galaxies)
Process snapshot 188, subvolume 32 (143712 galaxies)
Process snapshot 188, subvolume 33 (128940 galaxies)
Process snapshot 188, subvolume 34 (159169 galaxies)
Process snapshot 188, subvolume 35 (151819 galaxies)
Process snapshot 188, subvolume 36 (164506 galaxies)
Process snapshot 188, subvolume 38 (138918 galaxies)
Process snapshot 188, subvolume 37 (139594 galaxies)
Process snapshot 188, subvolume 40 (141882 galaxies)
Process snapshot 188, subvolume 39 (148698 galaxies)
Process snapshot 188, subvolume 41 (138619 galaxies)
Process snapshot 188, subvolume 42 (146676 galaxies)
Process snapshot 188, subvolume 43 (158036 galaxies)
Process snapshot 188, subvolume 44 (150246 galaxies)
Process snapshot 188, subvolume 45 (160196 galaxies)
Process snapshot 188, subvolume 46 (141368 galaxies)
Process snapshot 188, subvolume 47 (149214 galaxies)
Process snapshot 188, subvolume 48 (148461 galaxies)
Process snapshot 188, subvolume 50 (160144 galaxies)
Process snapshot 188, subvolume 49 (142356 galaxies)
Process snapshot 188, subvolume 51 (148491 galaxies)
Process snapshot 188, subvolume 52 (142244 galaxies)
Process snapshot 188, subvolume 53 (146542 galaxies)
Process snapshot 188, subvolume 54 (135143 galaxies)
Process snapshot 188, subvolume 55 (129783 galaxies)
Process snapshot 188, subvolume 56 (136386 galaxies)
Process snapshot 188, subvolume 57 (127205 galaxies)
Process snapshot 188, subvolume 58 (133371 galaxies)
Process snapshot 188, subvolume 59 (163997 galaxies)
Process snapshot 188, subvolume 60 (155744 galaxies)
Process snapshot 188, subvolume 61 (147457 galaxies)
Process snapshot 188, subvolume 62 (122938 galaxies)
Process snapshot 188, subvolume 63 (157620 galaxies)
Process snapshot 189, subvolume 0 (126478 galaxies)
Process snapshot 189, subvolume 1 (136731 galaxies)
Process snapshot 189, subvolume 2 (171575 galaxies)
Process snapshot 189, subvolume 4 (148815 galaxies)
Process snapshot 189, subvolume 3 (150698 galaxies)
Process snapshot 189, subvolume 5 (134971 galaxies)
Process snapshot 189, subvolume 6 (142773 galaxies)
Process snapshot 189, subvolume 7 (154490 galaxies)
Process snapshot 189, subvolume 8 (152328 galaxies)
Process snapshot 189, subvolume 9 (129940 galaxies)
Process snapshot 189, subvolume 10 (159619 galaxies)
Process snapshot 189, subvolume 11 (157476 galaxies)
Process snapshot 189, subvolume 12 (131298 galaxies)
Process snapshot 189, subvolume 13 (174094 galaxies)
Process snapshot 189, subvolume 15 (143280 galaxies)
Process snapshot 189, subvolume 14 (132144 galaxies)
Process snapshot 189, subvolume 16 (144230 galaxies)
Process snapshot 189, subvolume 17 (161619 galaxies)
Process snapshot 189, subvolume 18 (138032 galaxies)
Process snapshot 189, subvolume 20 (125854 galaxies)
Process snapshot 189, subvolume 21 (130014 galaxies)
Process snapshot 189, subvolume 19 (164501 galaxies)
Process snapshot 189, subvolume 22 (159064 galaxies)
Process snapshot 189, subvolume 24 (180017 galaxies)
Process snapshot 189, subvolume 23 (137047 galaxies)
Process snapshot 189, subvolume 26 (177955 galaxies)
Process snapshot 189, subvolume 25 (131861 galaxies)
Process snapshot 189, subvolume 27 (140345 galaxies)
Process snapshot 189, subvolume 29 (142637 galaxies)
Process snapshot 189, subvolume 28 (154964 galaxies)
Process snapshot 189, subvolume 30 (139081 galaxies)
Process snapshot 189, subvolume 32 (144883 galaxies)
Process snapshot 189, subvolume 31 (132616 galaxies)
Process snapshot 189, subvolume 33 (130029 galaxies)
Process snapshot 189, subvolume 34 (160668 galaxies)
Process snapshot 189, subvolume 35 (153498 galaxies)
Process snapshot 189, subvolume 37 (140981 galaxies)
Process snapshot 189, subvolume 36 (166441 galaxies)
Process snapshot 189, subvolume 38 (140245 galaxies)
Process snapshot 189, subvolume 39 (149987 galaxies)
Process snapshot 189, subvolume 41 (139894 galaxies)
Process snapshot 189, subvolume 40 (143131 galaxies)
Process snapshot 189, subvolume 42 (148250 galaxies)
Process snapshot 189, subvolume 45 (161983 galaxies)
Process snapshot 189, subvolume 43 (159704 galaxies)
Process snapshot 189, subvolume 44 (151425 galaxies)
Process snapshot 189, subvolume 46 (142746 galaxies)
Process snapshot 189, subvolume 47 (150936 galaxies)
Process snapshot 189, subvolume 48 (149730 galaxies)
Process snapshot 189, subvolume 49 (143625 galaxies)
Process snapshot 189, subvolume 50 (161724 galaxies)
Process snapshot 189, subvolume 52 (143537 galaxies)
Process snapshot 189, subvolume 53 (147394 galaxies)
Process snapshot 189, subvolume 51 (149908 galaxies)
Process snapshot 189, subvolume 54 (136587 galaxies)
Process snapshot 189, subvolume 56 (137733 galaxies)
Process snapshot 189, subvolume 55 (130980 galaxies)
Process snapshot 189, subvolume 57 (128412 galaxies)
Process snapshot 189, subvolume 58 (134703 galaxies)
Process snapshot 189, subvolume 59 (165712 galaxies)
Process snapshot 189, subvolume 60 (157296 galaxies)
Process snapshot 189, subvolume 61 (148944 galaxies)
Process snapshot 190, subvolume 0 (127888 galaxies)
Process snapshot 189, subvolume 63 (159317 galaxies)
Process snapshot 189, subvolume 62 (124158 galaxies)
Process snapshot 190, subvolume 1 (137542 galaxies)
Process snapshot 190, subvolume 2 (173442 galaxies)
Process snapshot 190, subvolume 4 (150350 galaxies)
Process snapshot 190, subvolume 3 (152248 galaxies)
Process snapshot 190, subvolume 6 (144301 galaxies)
Process snapshot 190, subvolume 5 (136383 galaxies)
Process snapshot 190, subvolume 7 (156221 galaxies)
Process snapshot 190, subvolume 10 (160386 galaxies)
Process snapshot 190, subvolume 8 (153989 galaxies)
Process snapshot 190, subvolume 9 (131146 galaxies)
Process snapshot 190, subvolume 11 (159223 galaxies)
Process snapshot 190, subvolume 12 (132561 galaxies)
Process snapshot 190, subvolume 13 (176134 galaxies)
Process snapshot 190, subvolume 14 (133432 galaxies)
Process snapshot 190, subvolume 15 (144817 galaxies)
Process snapshot 190, subvolume 16 (145709 galaxies)
Process snapshot 190, subvolume 18 (139292 galaxies)
Process snapshot 190, subvolume 17 (163267 galaxies)
Process snapshot 190, subvolume 20 (126997 galaxies)
Process snapshot 190, subvolume 19 (166345 galaxies)
Process snapshot 190, subvolume 22 (160700 galaxies)
Process snapshot 190, subvolume 21 (131186 galaxies)
Process snapshot 190, subvolume 23 (138443 galaxies)
Process snapshot 190, subvolume 24 (181721 galaxies)
Process snapshot 190, subvolume 25 (133120 galaxies)
Process snapshot 190, subvolume 26 (179870 galaxies)
Process snapshot 190, subvolume 27 (141727 galaxies)
Process snapshot 190, subvolume 28 (156562 galaxies)
Process snapshot 190, subvolume 29 (143920 galaxies)
Process snapshot 190, subvolume 30 (140249 galaxies)
Process snapshot 190, subvolume 32 (146318 galaxies)
Process snapshot 190, subvolume 31 (133999 galaxies)
Process snapshot 190, subvolume 33 (131175 galaxies)
Process snapshot 190, subvolume 35 (154790 galaxies)
Process snapshot 190, subvolume 34 (162092 galaxies)
Process snapshot 190, subvolume 36 (168414 galaxies)
Process snapshot 190, subvolume 37 (142412 galaxies)
Process snapshot 190, subvolume 38 (141477 galaxies)
Process snapshot 190, subvolume 39 (151310 galaxies)
Process snapshot 190, subvolume 40 (144775 galaxies)
Process snapshot 190, subvolume 41 (141204 galaxies)
Process snapshot 190, subvolume 42 (149639 galaxies)
Process snapshot 190, subvolume 43 (161424 galaxies)
Process snapshot 190, subvolume 44 (152906 galaxies)
Process snapshot 190, subvolume 45 (163610 galaxies)
Process snapshot 190, subvolume 46 (144242 galaxies)
Process snapshot 190, subvolume 47 (152561 galaxies)
Process snapshot 190, subvolume 48 (151237 galaxies)
Process snapshot 190, subvolume 49 (145007 galaxies)
Process snapshot 190, subvolume 50 (161729 galaxies)
Process snapshot 190, subvolume 52 (144804 galaxies)
Process snapshot 190, subvolume 54 (138018 galaxies)
Process snapshot 190, subvolume 51 (151276 galaxies)
Process snapshot 190, subvolume 53 (148406 galaxies)
Process snapshot 190, subvolume 55 (132034 galaxies)
Process snapshot 190, subvolume 56 (139082 galaxies)
Process snapshot 190, subvolume 58 (136158 galaxies)
Process snapshot 190, subvolume 57 (129748 galaxies)
Process snapshot 190, subvolume 59 (167424 galaxies)
Process snapshot 190, subvolume 60 (158761 galaxies)
Process snapshot 190, subvolume 62 (125297 galaxies)
Process snapshot 190, subvolume 61 (150460 galaxies)
Process snapshot 190, subvolume 63 (161024 galaxies)
Process snapshot 191, subvolume 0 (129135 galaxies)
Process snapshot 191, subvolume 1 (138729 galaxies)
Process snapshot 191, subvolume 2 (175407 galaxies)
Process snapshot 191, subvolume 3 (153974 galaxies)
Process snapshot 191, subvolume 4 (151904 galaxies)
Process snapshot 191, subvolume 5 (137670 galaxies)
Process snapshot 191, subvolume 6 (145734 galaxies)
Process snapshot 191, subvolume 7 (154589 galaxies)
Process snapshot 191, subvolume 8 (155543 galaxies)
Process snapshot 191, subvolume 9 (131910 galaxies)
Process snapshot 191, subvolume 10 (161968 galaxies)
Process snapshot 191, subvolume 13 (178054 galaxies)
Process snapshot 191, subvolume 11 (160805 galaxies)
Process snapshot 191, subvolume 12 (133704 galaxies)
Process snapshot 191, subvolume 14 (134617 galaxies)
Process snapshot 191, subvolume 15 (146280 galaxies)
Process snapshot 191, subvolume 17 (165115 galaxies)
Process snapshot 191, subvolume 16 (147318 galaxies)
Process snapshot 191, subvolume 18 (140596 galaxies)
Process snapshot 191, subvolume 19 (168105 galaxies)
Process snapshot 191, subvolume 20 (128321 galaxies)
Process snapshot 191, subvolume 21 (132342 galaxies)
Process snapshot 191, subvolume 22 (162612 galaxies)
Process snapshot 191, subvolume 24 (183421 galaxies)
Process snapshot 191, subvolume 23 (139717 galaxies)
Process snapshot 191, subvolume 25 (134383 galaxies)
Process snapshot 191, subvolume 26 (181789 galaxies)
Process snapshot 191, subvolume 27 (143050 galaxies)
Process snapshot 191, subvolume 28 (158177 galaxies)
Process snapshot 191, subvolume 29 (145405 galaxies)
Process snapshot 191, subvolume 30 (141354 galaxies)
Process snapshot 191, subvolume 31 (135345 galaxies)
Process snapshot 191, subvolume 32 (147821 galaxies)
Process snapshot 191, subvolume 33 (132459 galaxies)
Process snapshot 191, subvolume 34 (161831 galaxies)
Process snapshot 191, subvolume 35 (156046 galaxies)
Process snapshot 191, subvolume 36 (170230 galaxies)
Process snapshot 191, subvolume 37 (143829 galaxies)
Process snapshot 191, subvolume 39 (152797 galaxies)
Process snapshot 191, subvolume 38 (142559 galaxies)
Process snapshot 191, subvolume 40 (146336 galaxies)
Process snapshot 191, subvolume 41 (142400 galaxies)
Process snapshot 191, subvolume 42 (151090 galaxies)
Process snapshot 191, subvolume 43 (163196 galaxies)
Process snapshot 191, subvolume 44 (154453 galaxies)
Process snapshot 191, subvolume 45 (165187 galaxies)
Process snapshot 191, subvolume 46 (145709 galaxies)
Process snapshot 191, subvolume 47 (154027 galaxies)
Process snapshot 191, subvolume 48 (152831 galaxies)
Process snapshot 191, subvolume 49 (146435 galaxies)
Process snapshot 191, subvolume 52 (145994 galaxies)
Process snapshot 191, subvolume 50 (163238 galaxies)
Process snapshot 191, subvolume 51 (152700 galaxies)
Process snapshot 191, subvolume 53 (149625 galaxies)
Process snapshot 191, subvolume 54 (139281 galaxies)
Process snapshot 191, subvolume 56 (140368 galaxies)
Process snapshot 191, subvolume 57 (131064 galaxies)
Process snapshot 191, subvolume 55 (133164 galaxies)
Process snapshot 191, subvolume 58 (137682 galaxies)
Process snapshot 191, subvolume 59 (169094 galaxies)
Process snapshot 191, subvolume 60 (160407 galaxies)
Process snapshot 191, subvolume 61 (151904 galaxies)
Process snapshot 192, subvolume 1 (139999 galaxies)
Process snapshot 191, subvolume 63 (162691 galaxies)
Process snapshot 191, subvolume 62 (126629 galaxies)
Process snapshot 192, subvolume 0 (130367 galaxies)
Process snapshot 192, subvolume 2 (177244 galaxies)
Process snapshot 192, subvolume 3 (155314 galaxies)
Process snapshot 192, subvolume 4 (153168 galaxies)
Process snapshot 192, subvolume 5 (138876 galaxies)
Process snapshot 192, subvolume 6 (147083 galaxies)
Process snapshot 192, subvolume 7 (155349 galaxies)
Process snapshot 192, subvolume 9 (132900 galaxies)
Process snapshot 192, subvolume 8 (157215 galaxies)
Process snapshot 192, subvolume 10 (163653 galaxies)
Process snapshot 192, subvolume 11 (162518 galaxies)
Process snapshot 192, subvolume 14 (135984 galaxies)
Process snapshot 192, subvolume 13 (180085 galaxies)
Process snapshot 192, subvolume 15 (147623 galaxies)
Process snapshot 192, subvolume 12 (134860 galaxies)
Process snapshot 192, subvolume 16 (148438 galaxies)
Process snapshot 192, subvolume 17 (166812 galaxies)
Process snapshot 192, subvolume 18 (141796 galaxies)
Process snapshot 192, subvolume 19 (169758 galaxies)
Process snapshot 192, subvolume 20 (129490 galaxies)
Process snapshot 192, subvolume 22 (164316 galaxies)
Process snapshot 192, subvolume 21 (133758 galaxies)
Process snapshot 192, subvolume 23 (140980 galaxies)
Process snapshot 192, subvolume 24 (185218 galaxies)
Process snapshot 192, subvolume 26 (183550 galaxies)
Process snapshot 192, subvolume 25 (135655 galaxies)
Process snapshot 192, subvolume 27 (144323 galaxies)
Process snapshot 192, subvolume 28 (159869 galaxies)
Process snapshot 192, subvolume 29 (146884 galaxies)
Process snapshot 192, subvolume 30 (142541 galaxies)
Process snapshot 192, subvolume 31 (136761 galaxies)
Process snapshot 192, subvolume 32 (148961 galaxies)
Process snapshot 192, subvolume 33 (133566 galaxies)
Process snapshot 192, subvolume 34 (163361 galaxies)
Process snapshot 192, subvolume 37 (145309 galaxies)
Process snapshot 192, subvolume 35 (157517 galaxies)
Process snapshot 192, subvolume 36 (172266 galaxies)
Process snapshot 192, subvolume 39 (154379 galaxies)
Process snapshot 192, subvolume 38 (143898 galaxies)
Process snapshot 192, subvolume 40 (147547 galaxies)
Process snapshot 192, subvolume 41 (143781 galaxies)
Process snapshot 192, subvolume 43 (164870 galaxies)
Process snapshot 192, subvolume 42 (152686 galaxies)
Process snapshot 192, subvolume 44 (155924 galaxies)
Process snapshot 192, subvolume 45 (166180 galaxies)
Process snapshot 192, subvolume 46 (147180 galaxies)
Process snapshot 192, subvolume 47 (155589 galaxies)
Process snapshot 192, subvolume 49 (147907 galaxies)
Process snapshot 192, subvolume 48 (154615 galaxies)
Process snapshot 192, subvolume 50 (163141 galaxies)
Process snapshot 192, subvolume 51 (154273 galaxies)
Process snapshot 192, subvolume 52 (147435 galaxies)
Process snapshot 192, subvolume 53 (151081 galaxies)
Process snapshot 192, subvolume 54 (140576 galaxies)
Process snapshot 192, subvolume 55 (134524 galaxies)
Process snapshot 192, subvolume 56 (141640 galaxies)
Process snapshot 192, subvolume 58 (138979 galaxies)
Process snapshot 192, subvolume 57 (132307 galaxies)
Process snapshot 192, subvolume 59 (170631 galaxies)
Process snapshot 192, subvolume 61 (153210 galaxies)
Process snapshot 192, subvolume 60 (161821 galaxies)
Process snapshot 192, subvolume 62 (127923 galaxies)
Process snapshot 192, subvolume 63 (164273 galaxies)
Process snapshot 193, subvolume 1 (140959 galaxies)
Process snapshot 193, subvolume 0 (131636 galaxies)
Process snapshot 193, subvolume 2 (179243 galaxies)
Process snapshot 193, subvolume 3 (156791 galaxies)
Process snapshot 193, subvolume 4 (154720 galaxies)
Process snapshot 193, subvolume 5 (139622 galaxies)
Process snapshot 193, subvolume 6 (148620 galaxies)
Process snapshot 193, subvolume 8 (158772 galaxies)
Process snapshot 193, subvolume 7 (157096 galaxies)
Process snapshot 193, subvolume 10 (165388 galaxies)
Process snapshot 193, subvolume 9 (133922 galaxies)
Process snapshot 193, subvolume 13 (181875 galaxies)
Process snapshot 193, subvolume 11 (164361 galaxies)
Process snapshot 193, subvolume 12 (136047 galaxies)
Process snapshot 193, subvolume 14 (137386 galaxies)
Process snapshot 193, subvolume 15 (149221 galaxies)
Process snapshot 193, subvolume 16 (149911 galaxies)
Process snapshot 193, subvolume 17 (168577 galaxies)
Process snapshot 193, subvolume 18 (143132 galaxies)
Process snapshot 193, subvolume 19 (171585 galaxies)
Process snapshot 193, subvolume 20 (130791 galaxies)
Process snapshot 193, subvolume 21 (134428 galaxies)
Process snapshot 193, subvolume 22 (166020 galaxies)
Process snapshot 193, subvolume 23 (142473 galaxies)
Process snapshot 193, subvolume 24 (187002 galaxies)
Process snapshot 193, subvolume 25 (136882 galaxies)
Process snapshot 193, subvolume 26 (185741 galaxies)
Process snapshot 193, subvolume 27 (145556 galaxies)
Process snapshot 193, subvolume 28 (161802 galaxies)
Process snapshot 193, subvolume 29 (148448 galaxies)
Process snapshot 193, subvolume 30 (143808 galaxies)
Process snapshot 193, subvolume 31 (138367 galaxies)
Process snapshot 193, subvolume 32 (150132 galaxies)
Process snapshot 193, subvolume 33 (134812 galaxies)
Process snapshot 193, subvolume 35 (159114 galaxies)
Process snapshot 193, subvolume 34 (164919 galaxies)
Process snapshot 193, subvolume 36 (174083 galaxies)
Process snapshot 193, subvolume 37 (146841 galaxies)
Process snapshot 193, subvolume 38 (145336 galaxies)
Process snapshot 193, subvolume 39 (155930 galaxies)
Process snapshot 193, subvolume 40 (149078 galaxies)
Process snapshot 193, subvolume 41 (145186 galaxies)
Process snapshot 193, subvolume 42 (154098 galaxies)
Process snapshot 193, subvolume 43 (166437 galaxies)
Process snapshot 193, subvolume 44 (157417 galaxies)
Process snapshot 193, subvolume 45 (167528 galaxies)
Process snapshot 193, subvolume 46 (148604 galaxies)
Process snapshot 193, subvolume 47 (157380 galaxies)
Process snapshot 193, subvolume 49 (149229 galaxies)
Process snapshot 193, subvolume 50 (164660 galaxies)
Process snapshot 193, subvolume 48 (156020 galaxies)
Process snapshot 193, subvolume 52 (148789 galaxies)
Process snapshot 193, subvolume 51 (155918 galaxies)
Process snapshot 193, subvolume 54 (141924 galaxies)
Process snapshot 193, subvolume 53 (152550 galaxies)
Process snapshot 193, subvolume 56 (143015 galaxies)
Process snapshot 193, subvolume 55 (135924 galaxies)
Process snapshot 193, subvolume 57 (133416 galaxies)
Process snapshot 193, subvolume 61 (154678 galaxies)
Process snapshot 193, subvolume 58 (140264 galaxies)
Process snapshot 193, subvolume 59 (172175 galaxies)
Process snapshot 193, subvolume 60 (163365 galaxies)
Process snapshot 193, subvolume 63 (165975 galaxies)
Process snapshot 193, subvolume 62 (129194 galaxies)
Process snapshot 194, subvolume 0 (132906 galaxies)
Process snapshot 194, subvolume 1 (142196 galaxies)
Process snapshot 194, subvolume 4 (156292 galaxies)
Process snapshot 194, subvolume 5 (140834 galaxies)
Process snapshot 194, subvolume 2 (180984 galaxies)
Process snapshot 194, subvolume 3 (158374 galaxies)
Process snapshot 194, subvolume 6 (150091 galaxies)
Process snapshot 194, subvolume 7 (158999 galaxies)
Process snapshot 194, subvolume 8 (160339 galaxies)
Process snapshot 194, subvolume 9 (135178 galaxies)
Process snapshot 194, subvolume 10 (167241 galaxies)
Process snapshot 194, subvolume 12 (137350 galaxies)
Process snapshot 194, subvolume 16 (151614 galaxies)
Process snapshot 194, subvolume 13 (183801 galaxies)
Process snapshot 194, subvolume 11 (166036 galaxies)
Process snapshot 194, subvolume 14 (138634 galaxies)
Process snapshot 194, subvolume 15 (150651 galaxies)
Process snapshot 194, subvolume 17 (170335 galaxies)
Process snapshot 194, subvolume 18 (144466 galaxies)
Process snapshot 194, subvolume 19 (173214 galaxies)
Process snapshot 194, subvolume 20 (131884 galaxies)
Process snapshot 194, subvolume 21 (134379 galaxies)
Process snapshot 194, subvolume 22 (167613 galaxies)
Process snapshot 194, subvolume 24 (188829 galaxies)
Process snapshot 194, subvolume 23 (143684 galaxies)
Process snapshot 194, subvolume 27 (146945 galaxies)
Process snapshot 194, subvolume 25 (138278 galaxies)
Process snapshot 194, subvolume 26 (187547 galaxies)
Process snapshot 194, subvolume 28 (163628 galaxies)
Process snapshot 194, subvolume 29 (149873 galaxies)
Process snapshot 194, subvolume 30 (145107 galaxies)
Process snapshot 194, subvolume 31 (139742 galaxies)
Process snapshot 194, subvolume 32 (151646 galaxies)
Process snapshot 194, subvolume 33 (136148 galaxies)
Process snapshot 194, subvolume 34 (165858 galaxies)
Process snapshot 194, subvolume 35 (160518 galaxies)
Process snapshot 194, subvolume 36 (175938 galaxies)
Process snapshot 194, subvolume 37 (148320 galaxies)
Process snapshot 194, subvolume 39 (157168 galaxies)
Process snapshot 194, subvolume 38 (146806 galaxies)
Process snapshot 194, subvolume 41 (146566 galaxies)
Process snapshot 194, subvolume 43 (167754 galaxies)
Process snapshot 194, subvolume 40 (150560 galaxies)
Process snapshot 194, subvolume 42 (155649 galaxies)
Process snapshot 194, subvolume 44 (158959 galaxies)
Process snapshot 194, subvolume 46 (149970 galaxies)
Process snapshot 194, subvolume 47 (157802 galaxies)
Process snapshot 194, subvolume 45 (169111 galaxies)
Process snapshot 194, subvolume 50 (166305 galaxies)
Process snapshot 194, subvolume 48 (156314 galaxies)
Process snapshot 194, subvolume 49 (150790 galaxies)
Process snapshot 194, subvolume 53 (153951 galaxies)
Process snapshot 194, subvolume 51 (157563 galaxies)
Process snapshot 194, subvolume 55 (137148 galaxies)
Process snapshot 194, subvolume 52 (150451 galaxies)
Process snapshot 194, subvolume 54 (143446 galaxies)
Process snapshot 194, subvolume 56 (144349 galaxies)
Process snapshot 194, subvolume 58 (141678 galaxies)
Process snapshot 194, subvolume 59 (173785 galaxies)
Process snapshot 194, subvolume 57 (134332 galaxies)
Process snapshot 194, subvolume 60 (165122 galaxies)
Process snapshot 194, subvolume 61 (156231 galaxies)
Process snapshot 194, subvolume 63 (167763 galaxies)
Process snapshot 194, subvolume 62 (130381 galaxies)
Process snapshot 195, subvolume 1 (143752 galaxies)
Process snapshot 195, subvolume 0 (134423 galaxies)
Process snapshot 195, subvolume 2 (181978 galaxies)
Process snapshot 195, subvolume 3 (159929 galaxies)
Process snapshot 195, subvolume 5 (142084 galaxies)
Process snapshot 195, subvolume 4 (157788 galaxies)
Process snapshot 195, subvolume 10 (169036 galaxies)
Process snapshot 195, subvolume 7 (160755 galaxies)
Process snapshot 195, subvolume 8 (161982 galaxies)
Process snapshot 195, subvolume 12 (138739 galaxies)
Process snapshot 195, subvolume 6 (151359 galaxies)
Process snapshot 195, subvolume 9 (136298 galaxies)
Process snapshot 195, subvolume 11 (167740 galaxies)
Process snapshot 195, subvolume 13 (185563 galaxies)
Process snapshot 195, subvolume 14 (140137 galaxies)
Process snapshot 195, subvolume 15 (152286 galaxies)
Process snapshot 195, subvolume 17 (172052 galaxies)
Process snapshot 195, subvolume 18 (145822 galaxies)
Process snapshot 195, subvolume 16 (153190 galaxies)
Process snapshot 195, subvolume 19 (175125 galaxies)
Process snapshot 195, subvolume 20 (133250 galaxies)
Process snapshot 195, subvolume 21 (135788 galaxies)
Process snapshot 195, subvolume 22 (169330 galaxies)
Process snapshot 195, subvolume 23 (145278 galaxies)
Process snapshot 195, subvolume 24 (190795 galaxies)
Process snapshot 195, subvolume 25 (139600 galaxies)
Process snapshot 195, subvolume 26 (189564 galaxies)
Process snapshot 195, subvolume 30 (146488 galaxies)
Process snapshot 195, subvolume 27 (148111 galaxies)
Process snapshot 195, subvolume 28 (165399 galaxies)
Process snapshot 195, subvolume 29 (151188 galaxies)
Process snapshot 195, subvolume 31 (141195 galaxies)
Process snapshot 195, subvolume 32 (153117 galaxies)
Process snapshot 195, subvolume 36 (177783 galaxies)
Process snapshot 195, subvolume 33 (137438 galaxies)
Process snapshot 195, subvolume 37 (149842 galaxies)
Process snapshot 195, subvolume 34 (167365 galaxies)
Process snapshot 195, subvolume 35 (162172 galaxies)
Process snapshot 195, subvolume 38 (148231 galaxies)
Process snapshot 195, subvolume 39 (158781 galaxies)
Process snapshot 195, subvolume 42 (157248 galaxies)
Process snapshot 195, subvolume 43 (169699 galaxies)
Process snapshot 195, subvolume 44 (160573 galaxies)
Process snapshot 195, subvolume 40 (152016 galaxies)
Process snapshot 195, subvolume 41 (147974 galaxies)
Process snapshot 195, subvolume 45 (170656 galaxies)
Process snapshot 195, subvolume 46 (151212 galaxies)
Process snapshot 195, subvolume 47 (159316 galaxies)
Process snapshot 195, subvolume 48 (158014 galaxies)
Process snapshot 195, subvolume 49 (152158 galaxies)
Process snapshot 195, subvolume 50 (167976 galaxies)
Process snapshot 195, subvolume 52 (152008 galaxies)
Process snapshot 195, subvolume 51 (159193 galaxies)
Process snapshot 195, subvolume 53 (155210 galaxies)
Process snapshot 195, subvolume 54 (144828 galaxies)
Process snapshot 195, subvolume 56 (145745 galaxies)
Process snapshot 195, subvolume 55 (138510 galaxies)
Process snapshot 195, subvolume 58 (143161 galaxies)
Process snapshot 195, subvolume 57 (135676 galaxies)
Process snapshot 195, subvolume 59 (175543 galaxies)
Process snapshot 195, subvolume 60 (166745 galaxies)
Process snapshot 195, subvolume 62 (131561 galaxies)
Process snapshot 195, subvolume 61 (157897 galaxies)
Process snapshot 195, subvolume 63 (169395 galaxies)
Process snapshot 196, subvolume 1 (145143 galaxies)
Process snapshot 196, subvolume 0 (135589 galaxies)
Process snapshot 196, subvolume 2 (183524 galaxies)
Process snapshot 196, subvolume 3 (161619 galaxies)
Process snapshot 196, subvolume 5 (143507 galaxies)
Process snapshot 196, subvolume 4 (159402 galaxies)
Process snapshot 196, subvolume 6 (152833 galaxies)
Process snapshot 196, subvolume 7 (162250 galaxies)
Process snapshot 196, subvolume 8 (163609 galaxies)
Process snapshot 196, subvolume 9 (137757 galaxies)
Process snapshot 196, subvolume 10 (170864 galaxies)
Process snapshot 196, subvolume 11 (169400 galaxies)
Process snapshot 196, subvolume 12 (140300 galaxies)
Process snapshot 196, subvolume 14 (141556 galaxies)
Process snapshot 196, subvolume 13 (187300 galaxies)
Process snapshot 196, subvolume 15 (153920 galaxies)
Process snapshot 196, subvolume 17 (173755 galaxies)
Process snapshot 196, subvolume 20 (134761 galaxies)
Process snapshot 196, subvolume 16 (154745 galaxies)
Process snapshot 196, subvolume 18 (147342 galaxies)
Process snapshot 196, subvolume 19 (176869 galaxies)
Process snapshot 196, subvolume 21 (137307 galaxies)
Process snapshot 196, subvolume 22 (171177 galaxies)
Process snapshot 196, subvolume 23 (146701 galaxies)
Process snapshot 196, subvolume 24 (192543 galaxies)
Process snapshot 196, subvolume 25 (140990 galaxies)
Process snapshot 196, subvolume 26 (191708 galaxies)
Process snapshot 196, subvolume 27 (149567 galaxies)
Process snapshot 196, subvolume 28 (167040 galaxies)
Process snapshot 196, subvolume 29 (152572 galaxies)
Process snapshot 196, subvolume 30 (147938 galaxies)
Process snapshot 196, subvolume 31 (142668 galaxies)
Process snapshot 196, subvolume 32 (154441 galaxies)
Process snapshot 196, subvolume 33 (138875 galaxies)
Process snapshot 196, subvolume 34 (169031 galaxies)
Process snapshot 196, subvolume 36 (179729 galaxies)
Process snapshot 196, subvolume 35 (163922 galaxies)
Process snapshot 196, subvolume 37 (151170 galaxies)
Process snapshot 196, subvolume 38 (149642 galaxies)
Process snapshot 196, subvolume 40 (153420 galaxies)
Process snapshot 196, subvolume 39 (160343 galaxies)
Process snapshot 196, subvolume 42 (158924 galaxies)
Process snapshot 196, subvolume 45 (172421 galaxies)
Process snapshot 196, subvolume 41 (149585 galaxies)
Process snapshot 196, subvolume 43 (171381 galaxies)
Process snapshot 196, subvolume 44 (162104 galaxies)
Process snapshot 196, subvolume 46 (152540 galaxies)
Process snapshot 196, subvolume 47 (160772 galaxies)
Process snapshot 196, subvolume 48 (159629 galaxies)
Process snapshot 196, subvolume 50 (169294 galaxies)
Process snapshot 196, subvolume 49 (153588 galaxies)
Process snapshot 196, subvolume 52 (153507 galaxies)
Process snapshot 196, subvolume 51 (160845 galaxies)
Process snapshot 196, subvolume 53 (156948 galaxies)
Process snapshot 196, subvolume 54 (146182 galaxies)
Process snapshot 196, subvolume 55 (139883 galaxies)
Process snapshot 196, subvolume 56 (147009 galaxies)
Process snapshot 196, subvolume 57 (137080 galaxies)
Process snapshot 196, subvolume 59 (177256 galaxies)
Process snapshot 196, subvolume 58 (144705 galaxies)
Process snapshot 196, subvolume 60 (168449 galaxies)
Process snapshot 196, subvolume 61 (159357 galaxies)
Process snapshot 196, subvolume 62 (132776 galaxies)
Process snapshot 196, subvolume 63 (171101 galaxies)
Process snapshot 197, subvolume 0 (136869 galaxies)
Process snapshot 197, subvolume 1 (146469 galaxies)
Process snapshot 197, subvolume 3 (163221 galaxies)
Process snapshot 197, subvolume 2 (185149 galaxies)
Process snapshot 197, subvolume 4 (160903 galaxies)
Process snapshot 197, subvolume 5 (144854 galaxies)
Process snapshot 197, subvolume 6 (154066 galaxies)
Process snapshot 197, subvolume 8 (165133 galaxies)
Process snapshot 197, subvolume 9 (139001 galaxies)
Process snapshot 197, subvolume 7 (163612 galaxies)
Process snapshot 197, subvolume 10 (172609 galaxies)
Process snapshot 197, subvolume 12 (141698 galaxies)
Process snapshot 197, subvolume 13 (189095 galaxies)
Process snapshot 197, subvolume 11 (170885 galaxies)
Process snapshot 197, subvolume 14 (142912 galaxies)
Process snapshot 197, subvolume 15 (155451 galaxies)
Process snapshot 197, subvolume 16 (156246 galaxies)
Process snapshot 197, subvolume 17 (175337 galaxies)
Process snapshot 197, subvolume 20 (136220 galaxies)
Process snapshot 197, subvolume 18 (148886 galaxies)
Process snapshot 197, subvolume 19 (178628 galaxies)
Process snapshot 197, subvolume 22 (173081 galaxies)
Process snapshot 197, subvolume 21 (138523 galaxies)
Process snapshot 197, subvolume 24 (194403 galaxies)
Process snapshot 197, subvolume 27 (150814 galaxies)
Process snapshot 197, subvolume 28 (168771 galaxies)
Process snapshot 197, subvolume 23 (148072 galaxies)
Process snapshot 197, subvolume 25 (142464 galaxies)
Process snapshot 197, subvolume 30 (149375 galaxies)
Process snapshot 197, subvolume 26 (193622 galaxies)
Process snapshot 197, subvolume 29 (153944 galaxies)
Process snapshot 197, subvolume 31 (144238 galaxies)
Process snapshot 197, subvolume 33 (140428 galaxies)
Process snapshot 197, subvolume 34 (170470 galaxies)
Process snapshot 197, subvolume 35 (165473 galaxies)
Process snapshot 197, subvolume 32 (155771 galaxies)
Process snapshot 197, subvolume 36 (181428 galaxies)
Process snapshot 197, subvolume 37 (152544 galaxies)
Process snapshot 197, subvolume 38 (151200 galaxies)
Process snapshot 197, subvolume 44 (163651 galaxies)
Process snapshot 197, subvolume 45 (173261 galaxies)
Process snapshot 197, subvolume 39 (161928 galaxies)
Process snapshot 197, subvolume 40 (154951 galaxies)
Process snapshot 197, subvolume 41 (151030 galaxies)
Process snapshot 197, subvolume 46 (153969 galaxies)
Process snapshot 197, subvolume 47 (162341 galaxies)
Process snapshot 197, subvolume 43 (173231 galaxies)
Process snapshot 197, subvolume 51 (162158 galaxies)
Process snapshot 197, subvolume 42 (160571 galaxies)
Process snapshot 197, subvolume 52 (155076 galaxies)
Process snapshot 197, subvolume 48 (161014 galaxies)
Process snapshot 197, subvolume 49 (155091 galaxies)
Process snapshot 197, subvolume 50 (170779 galaxies)
Process snapshot 197, subvolume 53 (158428 galaxies)
Process snapshot 197, subvolume 54 (147632 galaxies)
Process snapshot 197, subvolume 55 (141357 galaxies)
Process snapshot 197, subvolume 56 (148294 galaxies)
Process snapshot 197, subvolume 57 (138563 galaxies)
Process snapshot 197, subvolume 58 (146018 galaxies)
Process snapshot 197, subvolume 60 (169954 galaxies)
Process snapshot 197, subvolume 59 (179052 galaxies)
Process snapshot 197, subvolume 61 (161006 galaxies)
Process snapshot 197, subvolume 62 (134027 galaxies)
Process snapshot 198, subvolume 1 (147559 galaxies)
Process snapshot 197, subvolume 63 (172825 galaxies)
Process snapshot 198, subvolume 0 (138019 galaxies)
Process snapshot 198, subvolume 5 (146192 galaxies)
Process snapshot 198, subvolume 6 (154566 galaxies)
Process snapshot 198, subvolume 2 (186594 galaxies)
Process snapshot 198, subvolume 8 (166628 galaxies)
Process snapshot 198, subvolume 3 (164514 galaxies)
Process snapshot 198, subvolume 4 (162206 galaxies)
Process snapshot 198, subvolume 9 (140016 galaxies)
Process snapshot 198, subvolume 12 (142972 galaxies)
Process snapshot 198, subvolume 13 (190561 galaxies)
Process snapshot 198, subvolume 15 (156788 galaxies)
Process snapshot 198, subvolume 17 (176742 galaxies)
Process snapshot 198, subvolume 10 (173237 galaxies)
Process snapshot 198, subvolume 7 (164973 galaxies)
Process snapshot 198, subvolume 11 (171548 galaxies)
Process snapshot 198, subvolume 21 (139658 galaxies)
Process snapshot 198, subvolume 22 (174642 galaxies)
Process snapshot 198, subvolume 14 (144303 galaxies)
Process snapshot 198, subvolume 25 (143686 galaxies)
Process snapshot 198, subvolume 16 (157509 galaxies)
Process snapshot 198, subvolume 18 (150305 galaxies)
Process snapshot 198, subvolume 19 (180136 galaxies)
Process snapshot 198, subvolume 20 (137419 galaxies)
Process snapshot 198, subvolume 30 (150589 galaxies)
Process snapshot 198, subvolume 31 (145496 galaxies)
Process snapshot 198, subvolume 23 (149429 galaxies)
Process snapshot 198, subvolume 24 (195272 galaxies)
Process snapshot 198, subvolume 26 (195507 galaxies)
Process snapshot 198, subvolume 38 (152383 galaxies)
Process snapshot 198, subvolume 27 (152103 galaxies)
Process snapshot 198, subvolume 28 (170126 galaxies)
Process snapshot 198, subvolume 29 (155190 galaxies)
Process snapshot 198, subvolume 43 (174736 galaxies)
Process snapshot 198, subvolume 32 (156957 galaxies)
Process snapshot 198, subvolume 33 (141644 galaxies)
Process snapshot 198, subvolume 34 (171743 galaxies)
Process snapshot 198, subvolume 35 (166694 galaxies)
Process snapshot 198, subvolume 36 (183020 galaxies)
Process snapshot 198, subvolume 37 (153780 galaxies)
Process snapshot 198, subvolume 49 (156443 galaxies)
Process snapshot 198, subvolume 39 (163292 galaxies)
Process snapshot 198, subvolume 40 (156291 galaxies)
Process snapshot 198, subvolume 41 (152231 galaxies)
Process snapshot 198, subvolume 42 (161918 galaxies)
Process snapshot 198, subvolume 53 (159742 galaxies)
Process snapshot 198, subvolume 44 (165123 galaxies)
Process snapshot 198, subvolume 45 (174463 galaxies)
Process snapshot 198, subvolume 46 (155330 galaxies)
Process snapshot 198, subvolume 56 (149127 galaxies)
Process snapshot 198, subvolume 47 (163501 galaxies)
Process snapshot 198, subvolume 48 (162298 galaxies)
Process snapshot 198, subvolume 50 (171697 galaxies)
Process snapshot 198, subvolume 51 (163722 galaxies)
Process snapshot 198, subvolume 52 (156341 galaxies)
Process snapshot 198, subvolume 63 (174144 galaxies)
Process snapshot 198, subvolume 54 (148949 galaxies)
Process snapshot 198, subvolume 55 (142603 galaxies)
Process snapshot 198, subvolume 57 (139773 galaxies)
Process snapshot 199, subvolume 6 (154703 galaxies)
Process snapshot 198, subvolume 58 (147121 galaxies)
Process snapshot 198, subvolume 59 (180511 galaxies)
Process snapshot 198, subvolume 60 (171276 galaxies)
Process snapshot 198, subvolume 61 (162292 galaxies)
Process snapshot 198, subvolume 62 (135243 galaxies)
Process snapshot 199, subvolume 0 (138740 galaxies)
Process snapshot 199, subvolume 1 (148022 galaxies)
Process snapshot 199, subvolume 2 (187558 galaxies)
Process snapshot 199, subvolume 3 (165293 galaxies)
Process snapshot 199, subvolume 4 (162959 galaxies)
Process snapshot 199, subvolume 5 (147021 galaxies)
Process snapshot 199, subvolume 7 (165852 galaxies)
Process snapshot 199, subvolume 8 (167484 galaxies)
Process snapshot 199, subvolume 9 (140641 galaxies)
Process snapshot 199, subvolume 10 (173484 galaxies)
Process snapshot 199, subvolume 11 (172432 galaxies)
Process snapshot 199, subvolume 12 (143711 galaxies)
Process snapshot 199, subvolume 13 (191648 galaxies)
Process snapshot 199, subvolume 25 (144423 galaxies)
Process snapshot 199, subvolume 14 (145000 galaxies)
Process snapshot 199, subvolume 15 (157765 galaxies)
Process snapshot 199, subvolume 16 (158246 galaxies)
Process snapshot 199, subvolume 17 (177436 galaxies)
Process snapshot 199, subvolume 18 (151130 galaxies)
Process snapshot 199, subvolume 19 (181065 galaxies)
Process snapshot 199, subvolume 20 (138209 galaxies)
Process snapshot 199, subvolume 21 (140210 galaxies)
Process snapshot 199, subvolume 22 (175573 galaxies)
Process snapshot 199, subvolume 23 (150268 galaxies)
Process snapshot 199, subvolume 24 (195555 galaxies)
Process snapshot 199, subvolume 34 (171764 galaxies)
Process snapshot 199, subvolume 26 (196701 galaxies)
Process snapshot 199, subvolume 27 (152989 galaxies)
Process snapshot 199, subvolume 28 (171048 galaxies)
Process snapshot 199, subvolume 39 (163826 galaxies)
Process snapshot 199, subvolume 30 (151364 galaxies)
Process snapshot 199, subvolume 31 (146270 galaxies)
Process snapshot 199, subvolume 45 (175399 galaxies)
Process snapshot 199, subvolume 33 (142244 galaxies)
Process snapshot 199, subvolume 47 (164290 galaxies)
Process snapshot 199, subvolume 36 (184087 galaxies)
Process snapshot 199, subvolume 37 (154587 galaxies)
Process snapshot 199, subvolume 38 (153263 galaxies)
Process snapshot 199, subvolume 29 (156153 galaxies)
Process snapshot 199, subvolume 40 (157000 galaxies)
Process snapshot 199, subvolume 41 (153036 galaxies)
Process snapshot 199, subvolume 42 (162559 galaxies)
Process snapshot 199, subvolume 43 (175697 galaxies)
Process snapshot 199, subvolume 44 (166130 galaxies)
Process snapshot 199, subvolume 32 (157422 galaxies)
Process snapshot 199, subvolume 46 (156112 galaxies)
Process snapshot 199, subvolume 56 (149919 galaxies)
Process snapshot 199, subvolume 48 (163041 galaxies)
Process snapshot 199, subvolume 49 (157284 galaxies)
Process snapshot 199, subvolume 50 (172476 galaxies)
Process snapshot 199, subvolume 59 (181497 galaxies)
Process snapshot 199, subvolume 52 (157128 galaxies)
Process snapshot 199, subvolume 53 (160360 galaxies)
Process snapshot 199, subvolume 54 (149700 galaxies)
Process snapshot 199, subvolume 55 (143429 galaxies)
Process snapshot 199, subvolume 57 (140008 galaxies)
Process snapshot 199, subvolume 35 (167527 galaxies)
Process snapshot 199, subvolume 58 (147701 galaxies)
Process snapshot 199, subvolume 51 (163645 galaxies)
Process snapshot 199, subvolume 60 (172043 galaxies)
Process snapshot 199, subvolume 61 (163247 galaxies)
Process snapshot 199, subvolume 62 (135900 galaxies)
Process snapshot 199, subvolume 63 (174416 galaxies)
Number of galaxies in intrinsic sky: 2516988
Time taken: 20m 50.59s
----------------------------------------------------------------------------------
CONVERT INTRINSIC TO APPARENT PROPERTIES IN MOCK SKY
Progress:   0%
Progress:   1%
Progress:   2%
Progress:   3%
Progress:   4%
Progress:   5%
Progress:   6%
Progress:   7%
Progress:   8%
Progress:   9%
Progress:  10%
Progress:  11%
Progress:  12%
Progress:  13%
Progress:  14%
Progress:  15%
Progress:  16%
Progress:  17%
Progress:  18%
Progress:  19%
Progress:  20%
Progress:  21%
Progress:  22%
Progress:  23%
Progress:  24%
Progress:  25%
Progress:  26%
Progress:  27%
Progress:  28%
Progress:  29%
Progress:  30%
Progress:  31%
Progress:  32%
Progress:  33%
Progress:  34%
Progress:  35%
Progress:  36%
Progress:  37%
Progress:  38%
Progress:  39%
Progress:  40%
Progress:  41%
Progress:  42%
Progress:  43%
Progress:  44%
Progress:  45%
Progress:  46%
Progress:  47%
Progress:  48%
Progress:  49%
Progress:  50%
Progress:  51%
Progress:  52%
Progress:  53%
Progress:  54%
Progress:  55%
Progress:  56%
Progress:  57%
Progress:  58%
Progress:  59%
Progress:  60%
Progress:  61%
Progress:  62%
Progress:  63%
Progress:  64%
Progress:  65%
Progress:  66%
Progress:  67%
Progress:  68%
Progress:  69%
Progress:  70%
Progress:  71%
Progress:  72%
Progress:  73%
Progress:  74%
Progress:  75%
Progress:  76%
Progress:  77%
Progress:  78%
Progress:  79%
Progress:  80%
Progress:  81%
Progress:  82%
Progress:  83%
Progress:  84%
Progress:  85%
Progress:  86%
Progress:  87%
Progress:  88%
Progress:  89%
Progress:  90%
Progress:  91%
Progress:  92%
Progress:  93%
Progress:  94%
Progress:  95%
Progress:  96%
Progress:  97%
Progress:  98%
Progress:  99%
Progress: 100%
Progress: 100%
Number of galaxies in intrinsic sky: 2516988
Number of galaxies in apparent sky: 701883
Number of groups in apparent sky: 368761
Time taken: 3m 47.33s
----------------------------------------------------------------------------------
CONVERT MOCK SKY FROM BINARY TO HDF5
Time taken: 2.49s
----------------------------------------------------------------------------------
TOTAL TIME TAKEN: 24m 41.50s
----------------------------------------------------------------------------------
rm -f *.o *.mod *.MOD
rm -f *~ stingray
rm -f fort.*
slurmstepd: error: Exceeded step memory limit at some point.
